# JRE version: 7.0_21-b11
# Java VM: Java HotSpot(TM) 64-Bit Server VM (23.21-b01 mixed mode linux-amd64 compressed oops)
Heap
 par new generation   total 384384K, used 201628K [0x00000006c2600000, 0x00000006e1a80000, 0x00000006f6750000)
  eden space 256256K,  29% used [0x00000006c2600000, 0x00000006c6f16188, 0x00000006d2040000)
  from space 128128K,  98% used [0x00000006d9d60000, 0x00000006e1931160, 0x00000006e1a80000)
  to   space 128128K,   0% used [0x00000006d2040000, 0x00000006d2040000, 0x00000006d9d60000)
 concurrent mark-sweep generation total 3514236K, used 2624993K [0x00000006f6750000, 0x00000007ccf2f000, 0x00000007fae00000)
 concurrent-mark-sweep perm gen total 30908K, used 18453K [0x00000007fae00000, 0x00000007fcc2f000, 0x0000000800000000)
GC Heap History (10 events):
Event: 353.922 GC heap before
{Heap before GC invocations=106 (full 4):
 par new generation   total 384384K, used 365208K [0x00000006c2600000, 0x00000006e1a80000, 0x00000006f6750000)
  eden space 256256K, 100% used [0x00000006c2600000, 0x00000006d2040000, 0x00000006d2040000)
  from space 128128K,  85% used [0x00000006d2040000, 0x00000006d8aa6390, 0x00000006d9d60000)
  to   space 128128K,   0% used [0x00000006d9d60000, 0x00000006d9d60000, 0x00000006e1a80000)
 concurrent mark-sweep generation total 3514236K, used 2413916K [0x00000006f6750000, 0x00000007ccf2f000, 0x00000007fae00000)
 concurrent-mark-sweep perm gen total 30908K, used 18434K [0x00000007fae00000, 0x00000007fcc2f000, 0x0000000800000000)
Event: 354.081 GC heap after
Heap after GC invocations=107 (full 4):
 par new generation   total 384384K, used 128094K [0x00000006c2600000, 0x00000006e1a80000, 0x00000006f6750000)
  eden space 256256K,   0% used [0x00000006c2600000, 0x00000006c2600000, 0x00000006d2040000)
  from space 128128K,  99% used [0x00000006d9d60000, 0x00000006e1a77a10, 0x00000006e1a80000)
  to   space 128128K,   0% used [0x00000006d2040000, 0x00000006d2040000, 0x00000006d9d60000)
 concurrent mark-sweep generation total 3514236K, used 2456814K [0x00000006f6750000, 0x00000007ccf2f000, 0x00000007fae00000)
 concurrent-mark-sweep perm gen total 30908K, used 18434K [0x00000007fae00000, 0x00000007fcc2f000, 0x0000000800000000)
}
Event: 356.483 GC heap before
{Heap before GC invocations=107 (full 4):
 par new generation   total 384384K, used 384350K [0x00000006c2600000, 0x00000006e1a80000, 0x00000006f6750000)
  eden space 256256K, 100% used [0x00000006c2600000, 0x00000006d2040000, 0x00000006d2040000)
  from space 128128K,  99% used [0x00000006d9d60000, 0x00000006e1a77a10, 0x00000006e1a80000)
  to   space 128128K,   0% used [0x00000006d2040000, 0x00000006d2040000, 0x00000006d9d60000)
 concurrent mark-sweep generation total 3514236K, used 2456814K [0x00000006f6750000, 0x00000007ccf2f000, 0x00000007fae00000)
 concurrent-mark-sweep perm gen total 30908K, used 18434K [0x00000007fae00000, 0x00000007fcc2f000, 0x0000000800000000)
Event: 356.641 GC heap after
Heap after GC invocations=108 (full 4):
 par new generation   total 384384K, used 125655K [0x00000006c2600000, 0x00000006e1a80000, 0x00000006f6750000)
  eden space 256256K,   0% used [0x00000006c2600000, 0x00000006c2600000, 0x00000006d2040000)
  from space 128128K,  98% used [0x00000006d2040000, 0x00000006d9af5de0, 0x00000006d9d60000)
  to   space 128128K,   0% used [0x00000006d9d60000, 0x00000006d9d60000, 0x00000006e1a80000)
 concurrent mark-sweep generation total 3514236K, used 2498170K [0x00000006f6750000, 0x00000007ccf2f000, 0x00000007fae00000)
 concurrent-mark-sweep perm gen total 30908K, used 18434K [0x00000007fae00000, 0x00000007fcc2f000, 0x0000000800000000)
}
Event: 359.071 GC heap before
{Heap before GC invocations=108 (full 4):
 par new generation   total 384384K, used 381911K [0x00000006c2600000, 0x00000006e1a80000, 0x00000006f6750000)
  eden space 256256K, 100% used [0x00000006c2600000, 0x00000006d2040000, 0x00000006d2040000)
  from space 128128K,  98% used [0x00000006d2040000, 0x00000006d9af5de0, 0x00000006d9d60000)
  to   space 128128K,   0% used [0x00000006d9d60000, 0x00000006d9d60000, 0x00000006e1a80000)
 concurrent mark-sweep generation total 3514236K, used 2498170K [0x00000006f6750000, 0x00000007ccf2f000, 0x00000007fae00000)
 concurrent-mark-sweep perm gen total 30908K, used 18434K [0x00000007fae00000, 0x00000007fcc2f000, 0x0000000800000000)
Event: 359.229 GC heap after
Heap after GC invocations=109 (full 4):
 par new generation   total 384384K, used 126890K [0x00000006c2600000, 0x00000006e1a80000, 0x00000006f6750000)
  eden space 256256K,   0% used [0x00000006c2600000, 0x00000006c2600000, 0x00000006d2040000)
  from space 128128K,  99% used [0x00000006d9d60000, 0x00000006e194a990, 0x00000006e1a80000)
  to   space 128128K,   0% used [0x00000006d2040000, 0x00000006d2040000, 0x00000006d9d60000)
 concurrent mark-sweep generation total 3514236K, used 2539830K [0x00000006f6750000, 0x00000007ccf2f000, 0x00000007fae00000)
 concurrent-mark-sweep perm gen total 30908K, used 18434K [0x00000007fae00000, 0x00000007fcc2f000, 0x0000000800000000)
}
Event: 361.648 GC heap before
{Heap before GC invocations=109 (full 4):
 par new generation   total 384384K, used 383146K [0x00000006c2600000, 0x00000006e1a80000, 0x00000006f6750000)
  eden space 256256K, 100% used [0x00000006c2600000, 0x00000006d2040000, 0x00000006d2040000)
  from space 128128K,  99% used [0x00000006d9d60000, 0x00000006e194a990, 0x00000006e1a80000)
  to   space 128128K,   0% used [0x00000006d2040000, 0x00000006d2040000, 0x00000006d9d60000)
 concurrent mark-sweep generation total 3514236K, used 2539830K [0x00000006f6750000, 0x00000007ccf2f000, 0x00000007fae00000)
 concurrent-mark-sweep perm gen total 30908K, used 18434K [0x00000007fae00000, 0x00000007fcc2f000, 0x0000000800000000)
Event: 361.807 GC heap after
Heap after GC invocations=110 (full 4):
 par new generation   total 384384K, used 127750K [0x00000006c2600000, 0x00000006e1a80000, 0x00000006f6750000)
  eden space 256256K,   0% used [0x00000006c2600000, 0x00000006c2600000, 0x00000006d2040000)
  from space 128128K,  99% used [0x00000006d2040000, 0x00000006d9d01a00, 0x00000006d9d60000)
  to   space 128128K,   0% used [0x00000006d9d60000, 0x00000006d9d60000, 0x00000006e1a80000)
 concurrent mark-sweep generation total 3514236K, used 2582832K [0x00000006f6750000, 0x00000007ccf2f000, 0x00000007fae00000)
 concurrent-mark-sweep perm gen total 30908K, used 18434K [0x00000007fae00000, 0x00000007fcc2f000, 0x0000000800000000)
}
Event: 364.149 GC heap before
{Heap before GC invocations=110 (full 4):
 par new generation   total 384384K, used 383952K [0x00000006c2600000, 0x00000006e1a80000, 0x00000006f6750000)
  eden space 256256K,  99% used [0x00000006c2600000, 0x00000006d20326f8, 0x00000006d2040000)
  from space 128128K,  99% used [0x00000006d2040000, 0x00000006d9d01a00, 0x00000006d9d60000)
  to   space 128128K,   0% used [0x00000006d9d60000, 0x00000006d9d60000, 0x00000006e1a80000)
 concurrent mark-sweep generation total 3514236K, used 2582832K [0x00000006f6750000, 0x00000007ccf2f000, 0x00000007fae00000)
 concurrent-mark-sweep perm gen total 30908K, used 18434K [0x00000007fae00000, 0x00000007fcc2f000, 0x0000000800000000)
Event: 364.305 GC heap after
Heap after GC invocations=111 (full 4):
 par new generation   total 384384K, used 126788K [0x00000006c2600000, 0x00000006e1a80000, 0x00000006f6750000)
  eden space 256256K,   0% used [0x00000006c2600000, 0x00000006c2600000, 0x00000006d2040000)
  from space 128128K,  98% used [0x00000006d9d60000, 0x00000006e1931160, 0x00000006e1a80000)
  to   space 128128K,   0% used [0x00000006d2040000, 0x00000006d2040000, 0x00000006d9d60000)
 concurrent mark-sweep generation total 3514236K, used 2624993K [0x00000006f6750000, 0x00000007ccf2f000, 0x00000007fae00000)
 concurrent-mark-sweep perm gen total 30908K, used 18434K [0x00000007fae00000, 0x00000007fcc2f000, 0x0000000800000000)
}

